json数据所在的文件夹路径： C:\Users\12539\PycharmProjects\Bestore_GiftBox_Schedule_Plan\7天测试
排产计划数据所在的文件夹路径： C:\Users\12539\PycharmProjects\Bestore_GiftBox_Schedule_Plan\7天测试\ProducePlan.json
Bom主数据所在的文件夹路径： C:\Users\12539\PycharmProjects\Bestore_GiftBox_Schedule_Plan\7天测试\Bom.json
产能主数据所在的文件夹路径： C:\Users\12539\PycharmProjects\Bestore_GiftBox_Schedule_Plan\7天测试\Capacity.json
优先级主数据所在的文件夹路径： C:\Users\12539\PycharmProjects\Bestore_GiftBox_Schedule_Plan\7天测试\Priority.json
日历主数据所在的文件路径： C:\Users\12539\PycharmProjects\Bestore_GiftBox_Schedule_Plan\7天测试\Calendar.json
df_last_produce:
 Empty DataFrame
Columns: []
Index: []
排产计划读取排产需求共有0行
[1]: (lock)上一次的排产计划锁定数据：
 Empty DataFrame
Columns: [isLock, id, package, bom, n, warehouse, s_t, o_t, num, t]
Index: []
分装需求计划读取分装需求共有41行
(data_orders)需求提报计划锁定数据：
            id   package bom     n warehouse  s_t o_t    num
0  10000788-1  11010420   4  2003      D303   -5   2    900
1  10000769-1  11008765   1  2003      D303  -12   2   6000
2  10000824-1  11010593   2  5001      D303   -5   2   9500
3  10000823-3  11010593   2  5001      D303  -12   2  18175
4  10000808-1  11010561   2  2003      D303    6   2    600
[2]: (orders_f)需求提报计划锁定数据：
    isLock          id   package bom     n warehouse  s_t o_t    num    t
0       0  10000788-1  11010420   4  2003      D303   -5   2    900  NaN
1       0  10000769-1  11008765   1  2003      D303  -12   2   6000  NaN
2       0  10000824-1  11010593   2  5001      D303   -5   2   9500  NaN
3       0  10000823-3  11010593   2  5001      D303  -12   2  18175  NaN
4       0  10000808-1  11010561   2  2003      D303    6   2    600  NaN
[3]: (I_0)在库库存数据：
      sample warehouse      num
0  11007648      D303  24356.0
1  11008130      D303  31759.0
2  80007635      D303      9.0
3  11009988      D303    160.0
4  11002799      D303    870.0
排产计划读取到货信息共有4行
[4]: (arr)到货信息arr：  warehouse    sample       num  t
0      D303  11000670  360000.0  1
1      D303  11000403  500000.0  1
2      D303  80000054   10000.0  1
3      D303  11000353  360000.0  1
Bom数据中没有礼盒11010420-bom版本号4的bom单信息
